[21-Aug-2024 09:40:50 UTC] PHP Warning:  Attempt to read property "title" on null in C:\Users\norde\Local Sites\vintagetasker\app\public\wp-includes\class-wp-customize-widgets.php on line 905
[21-Aug-2024 09:43:18 UTC] PHP Warning:  Attempt to read property "title" on null in C:\Users\norde\Local Sites\vintagetasker\app\public\wp-includes\class-wp-customize-widgets.php on line 905
[27-Aug-2024 15:54:44 UTC] Cron reschedule event error for hook: recovery_mode_clean_expired_keys, Error code: could_not_set, Error message: The cron event list could not be saved., Data: {"schedule":"daily","args":[],"interval":86400}
[27-Aug-2024 16:00:10 UTC] PHP Warning:  Undefined array key "value" in C:\Users\norde\Local Sites\vintagetasker\app\public\wp-content\plugins\advanced-custom-fields\includes\locations\abstract-acf-location.php on line 174
[27-Aug-2024 16:00:10 UTC] PHP Warning:  Undefined array key "value" in C:\Users\norde\Local Sites\vintagetasker\app\public\wp-content\plugins\advanced-custom-fields\includes\locations\abstract-acf-location.php on line 177
[27-Aug-2024 16:00:10 UTC] PHP Warning:  Undefined array key "value" in C:\Users\norde\Local Sites\vintagetasker\app\public\wp-content\plugins\advanced-custom-fields\includes\locations\abstract-acf-location.php on line 174
[27-Aug-2024 16:00:10 UTC] PHP Warning:  Undefined array key "value" in C:\Users\norde\Local Sites\vintagetasker\app\public\wp-content\plugins\advanced-custom-fields\includes\locations\abstract-acf-location.php on line 177
[27-Aug-2024 16:00:10 UTC] PHP Warning:  Undefined array key "value" in C:\Users\norde\Local Sites\vintagetasker\app\public\wp-content\plugins\advanced-custom-fields\includes\locations\abstract-acf-location.php on line 174
[27-Aug-2024 16:00:10 UTC] PHP Warning:  Undefined array key "value" in C:\Users\norde\Local Sites\vintagetasker\app\public\wp-content\plugins\advanced-custom-fields\includes\locations\abstract-acf-location.php on line 177
[27-Aug-2024 16:00:10 UTC] PHP Warning:  Undefined array key "value" in C:\Users\norde\Local Sites\vintagetasker\app\public\wp-content\plugins\advanced-custom-fields\includes\locations\abstract-acf-location.php on line 174
[27-Aug-2024 16:00:10 UTC] PHP Warning:  Undefined array key "value" in C:\Users\norde\Local Sites\vintagetasker\app\public\wp-content\plugins\advanced-custom-fields\includes\locations\abstract-acf-location.php on line 177
[27-Aug-2024 16:00:12 UTC] PHP Warning:  Undefined array key "value" in C:\Users\norde\Local Sites\vintagetasker\app\public\wp-content\plugins\advanced-custom-fields\includes\locations\abstract-acf-location.php on line 174
[27-Aug-2024 16:00:12 UTC] PHP Warning:  Undefined array key "value" in C:\Users\norde\Local Sites\vintagetasker\app\public\wp-content\plugins\advanced-custom-fields\includes\locations\abstract-acf-location.php on line 177
[27-Aug-2024 16:00:21 UTC] PHP Warning:  Undefined array key "value" in C:\Users\norde\Local Sites\vintagetasker\app\public\wp-content\plugins\advanced-custom-fields\includes\locations\abstract-acf-location.php on line 174
[27-Aug-2024 16:00:21 UTC] PHP Warning:  Undefined array key "value" in C:\Users\norde\Local Sites\vintagetasker\app\public\wp-content\plugins\advanced-custom-fields\includes\locations\abstract-acf-location.php on line 177
[27-Aug-2024 16:00:22 UTC] PHP Warning:  Undefined array key "value" in C:\Users\norde\Local Sites\vintagetasker\app\public\wp-content\plugins\advanced-custom-fields\includes\locations\abstract-acf-location.php on line 174
[27-Aug-2024 16:00:22 UTC] PHP Warning:  Undefined array key "value" in C:\Users\norde\Local Sites\vintagetasker\app\public\wp-content\plugins\advanced-custom-fields\includes\locations\abstract-acf-location.php on line 177
[27-Aug-2024 16:43:46 UTC] PHP Fatal error:  Uncaught TypeError: ltrim(): Argument #1 ($string) must be of type string, array given in C:\Users\norde\Local Sites\vintagetasker\app\public\wp-includes\formatting.php:4482
Stack trace:
#0 C:\Users\norde\Local Sites\vintagetasker\app\public\wp-includes\formatting.php(4482): ltrim(Array)
#1 C:\Users\norde\Local Sites\vintagetasker\app\public\wp-content\themes\vintagetasker\template-parts\omos.php(9): esc_url(Array)
#2 C:\Users\norde\Local Sites\vintagetasker\app\public\wp-includes\template.php(812): require('C:\\Users\\norde\\...')
#3 C:\Users\norde\Local Sites\vintagetasker\app\public\wp-includes\template.php(745): load_template('C:\\Users\\norde\\...', false, Array)
#4 C:\Users\norde\Local Sites\vintagetasker\app\public\wp-includes\general-template.php(206): locate_template(Array, true, false, Array)
#5 C:\Users\norde\Local Sites\vintagetasker\app\public\wp-content\themes\vintagetasker\index.php(8): get_template_part('template-parts/...')
#6 C:\Users\norde\Local Sites\vintagetasker\app\public\wp-includes\template-loader.php(106): include('C:\\Users\\norde\\...')
#7 C:\Users\norde\Local Sites\vintagetasker\app\public\wp-blog-header.php(19): require_once('C:\\Users\\norde\\...')
#8 C:\Users\norde\Local Sites\vintagetasker\app\public\index.php(17): require('C:\\Users\\norde\\...')
#9 {main}
  thrown in C:\Users\norde\Local Sites\vintagetasker\app\public\wp-includes\formatting.php on line 4482
[27-Aug-2024 16:43:54 UTC] PHP Fatal error:  Uncaught TypeError: ltrim(): Argument #1 ($string) must be of type string, array given in C:\Users\norde\Local Sites\vintagetasker\app\public\wp-includes\formatting.php:4482
Stack trace:
#0 C:\Users\norde\Local Sites\vintagetasker\app\public\wp-includes\formatting.php(4482): ltrim(Array)
#1 C:\Users\norde\Local Sites\vintagetasker\app\public\wp-content\themes\vintagetasker\template-parts\omos.php(9): esc_url(Array)
#2 C:\Users\norde\Local Sites\vintagetasker\app\public\wp-includes\template.php(812): require('C:\\Users\\norde\\...')
#3 C:\Users\norde\Local Sites\vintagetasker\app\public\wp-includes\template.php(745): load_template('C:\\Users\\norde\\...', false, Array)
#4 C:\Users\norde\Local Sites\vintagetasker\app\public\wp-includes\general-template.php(206): locate_template(Array, true, false, Array)
#5 C:\Users\norde\Local Sites\vintagetasker\app\public\wp-content\themes\vintagetasker\index.php(8): get_template_part('template-parts/...')
#6 C:\Users\norde\Local Sites\vintagetasker\app\public\wp-includes\template-loader.php(106): include('C:\\Users\\norde\\...')
#7 C:\Users\norde\Local Sites\vintagetasker\app\public\wp-blog-header.php(19): require_once('C:\\Users\\norde\\...')
#8 C:\Users\norde\Local Sites\vintagetasker\app\public\index.php(17): require('C:\\Users\\norde\\...')
#9 {main}
  thrown in C:\Users\norde\Local Sites\vintagetasker\app\public\wp-includes\formatting.php on line 4482
[27-Aug-2024 16:43:57 UTC] PHP Fatal error:  Uncaught TypeError: ltrim(): Argument #1 ($string) must be of type string, array given in C:\Users\norde\Local Sites\vintagetasker\app\public\wp-includes\formatting.php:4482
Stack trace:
#0 C:\Users\norde\Local Sites\vintagetasker\app\public\wp-includes\formatting.php(4482): ltrim(Array)
#1 C:\Users\norde\Local Sites\vintagetasker\app\public\wp-content\themes\vintagetasker\template-parts\omos.php(9): esc_url(Array)
#2 C:\Users\norde\Local Sites\vintagetasker\app\public\wp-includes\template.php(812): require('C:\\Users\\norde\\...')
#3 C:\Users\norde\Local Sites\vintagetasker\app\public\wp-includes\template.php(745): load_template('C:\\Users\\norde\\...', false, Array)
#4 C:\Users\norde\Local Sites\vintagetasker\app\public\wp-includes\general-template.php(206): locate_template(Array, true, false, Array)
#5 C:\Users\norde\Local Sites\vintagetasker\app\public\wp-content\themes\vintagetasker\index.php(8): get_template_part('template-parts/...')
#6 C:\Users\norde\Local Sites\vintagetasker\app\public\wp-includes\template-loader.php(106): include('C:\\Users\\norde\\...')
#7 C:\Users\norde\Local Sites\vintagetasker\app\public\wp-blog-header.php(19): require_once('C:\\Users\\norde\\...')
#8 C:\Users\norde\Local Sites\vintagetasker\app\public\index.php(17): require('C:\\Users\\norde\\...')
#9 {main}
  thrown in C:\Users\norde\Local Sites\vintagetasker\app\public\wp-includes\formatting.php on line 4482
[27-Aug-2024 16:44:08 UTC] PHP Fatal error:  Uncaught TypeError: ltrim(): Argument #1 ($string) must be of type string, array given in C:\Users\norde\Local Sites\vintagetasker\app\public\wp-includes\formatting.php:4482
Stack trace:
#0 C:\Users\norde\Local Sites\vintagetasker\app\public\wp-includes\formatting.php(4482): ltrim(Array)
#1 C:\Users\norde\Local Sites\vintagetasker\app\public\wp-content\themes\vintagetasker\template-parts\omos.php(9): esc_url(Array)
#2 C:\Users\norde\Local Sites\vintagetasker\app\public\wp-includes\template.php(812): require('C:\\Users\\norde\\...')
#3 C:\Users\norde\Local Sites\vintagetasker\app\public\wp-includes\template.php(745): load_template('C:\\Users\\norde\\...', false, Array)
#4 C:\Users\norde\Local Sites\vintagetasker\app\public\wp-includes\general-template.php(206): locate_template(Array, true, false, Array)
#5 C:\Users\norde\Local Sites\vintagetasker\app\public\wp-content\themes\vintagetasker\index.php(8): get_template_part('template-parts/...')
#6 C:\Users\norde\Local Sites\vintagetasker\app\public\wp-includes\template-loader.php(106): include('C:\\Users\\norde\\...')
#7 C:\Users\norde\Local Sites\vintagetasker\app\public\wp-blog-header.php(19): require_once('C:\\Users\\norde\\...')
#8 C:\Users\norde\Local Sites\vintagetasker\app\public\index.php(17): require('C:\\Users\\norde\\...')
#9 {main}
  thrown in C:\Users\norde\Local Sites\vintagetasker\app\public\wp-includes\formatting.php on line 4482
[27-Aug-2024 19:05:29 UTC] PHP Parse error:  syntax error, unexpected token "endif" in C:\Users\norde\Local Sites\vintagetasker\app\public\wp-content\themes\vintagetasker\single.php on line 28
